Using pre-set license
Built from '2020.3/release' branch; Version is '2020.3.1f1 (77a89f25062f) revision 7841951'; Using compiler version '192528614'; Build Type 'Release'
OS: 'Windows 10 Pro; OS build 19041.985; Version 2004; 64bit' Language: 'pl' Physical Memory: 16330 MB
BatchMode: 1, IsHumanControllingUs: 0, StartBugReporterOnCrash: 0, Is64bit: 1, IsPro: 0

 COMMAND LINE ARGUMENTS:
C:\Program Files\Unity\Hub\Editor\2020.3.1f1\Editor\Unity.exe
-adb2
-batchMode
-noUpm
-name
AssetImportWorker0
-projectPath
C:/Users/kp703/Documents/GitHub/pokoj/Pokoj
-logFile
Logs/AssetImportWorker0.log
-srvPort
63574
Successfully changed project path to: C:/Users/kp703/Documents/GitHub/pokoj/Pokoj
C:/Users/kp703/Documents/GitHub/pokoj/Pokoj
Using Asset Import Pipeline V2.
Refreshing native plugins compatible for Editor in 33.20 ms, found 0 plugins.
Preloading 0 native plugins for Editor in 0.00 ms.
Initialize engine version: 2020.3.1f1 (77a89f25062f)
[Subsystems] Discovering subsystems at path C:/Program Files/Unity/Hub/Editor/2020.3.1f1/Editor/Data/Resources/UnitySubsystems
[Subsystems] Discovering subsystems at path C:/Users/kp703/Documents/GitHub/pokoj/Pokoj/Assets
GfxDevice: creating device client; threaded=0
Direct3D:
    Version:  Direct3D 11.0 [level 11.1]
    Renderer: NVIDIA GeForce GTX 960 (ID=0x1401)
    Vendor:   
    VRAM:     4053 MB
    Driver:   27.21.14.6647
Initialize mono
Mono path[0] = 'C:/Program Files/Unity/Hub/Editor/2020.3.1f1/Editor/Data/Managed'
Mono path[1] = 'C:/Program Files/Unity/Hub/Editor/2020.3.1f1/Editor/Data/MonoBleedingEdge/lib/mono/unityjit'
Mono config path = 'C:/Program Files/Unity/Hub/Editor/2020.3.1f1/Editor/Data/MonoBleedingEdge/etc'
Using monoOptions --debugger-agent=transport=dt_socket,embedding=1,server=y,suspend=n,address=127.0.0.1:56192
Begin MonoManager ReloadAssembly
Registering precompiled unity dll's ...
Register platform support module: C:/Program Files/Unity/Hub/Editor/2020.3.1f1/Editor/Data/PlaybackEngines/WindowsStandaloneSupport/UnityEditor.WindowsStandalone.Extensions.dll
Registered in 0.002440 seconds.
Native extension for WindowsStandalone target not found
Refreshing native plugins compatible for Editor in 31.20 ms, found 0 plugins.
Preloading 0 native plugins for Editor in 0.00 ms.
Invoked RoslynAnalysisRunner static constructor.
RoslynAnalysisRunner will not be running.
RoslynAnalysisRunner has terminated.
Mono: successfully reloaded assembly
- Completed reload, in  2.231 seconds
Platform modules already initialized, skipping
Registering precompiled user dll's ...
Registered in 0.000854 seconds.
Begin MonoManager ReloadAssembly
Native extension for WindowsStandalone target not found
Refreshing native plugins compatible for Editor in 0.24 ms, found 0 plugins.
Preloading 0 native plugins for Editor in 0.00 ms.
Invoked RoslynAnalysisRunner static constructor.
RoslynAnalysisRunner will not be running.
RoslynAnalysisRunner has terminated.
Mono: successfully reloaded assembly
- Completed reload, in  0.888 seconds
Platform modules already initialized, skipping
========================================================================
Worker process is ready to serve import requests
Launched and connected shader compiler UnityShaderCompiler.exe after 0.06 seconds
Refreshing native plugins compatible for Editor in 0.32 ms, found 0 plugins.
Preloading 0 native plugins for Editor in 0.00 ms.
Unloading 1233 Unused Serialized files (Serialized files now loaded: 0)
System memory in use before: 64.9 MB.
System memory in use after: 65.0 MB.

Unloading 10 unused Assets to reduce memory usage. Loaded Objects now: 1676.
Total: 2.163400 ms (FindLiveObjects: 0.261500 ms CreateObjectMapping: 0.228600 ms MarkObjects: 1.592200 ms  DeleteObjects: 0.079600 ms)

========================================================================
Received Import Request.
  path: Assets/Materials/sciany.mat
  artifactKey: Guid(d72589ff0517bba48a990a62ffc39f35) Importer(815301076,1909f56bfc062723c751e8b465ee728b)
Start importing Assets/Materials/sciany.mat using Guid(d72589ff0517bba48a990a62ffc39f35) Importer(815301076,1909f56bfc062723c751e8b465ee728b)  -> (artifact id: '34ab213a8289b05e34d0f2d335e659bd') in 0.979066 seconds
  Import took 0.982537 seconds .

========================================================================
Received Import Request.
  Time since last request: 1465.448528 seconds.
  path: Assets/Meshes/Models/Prop_Misc_Lamp.obj
  artifactKey: Guid(fb10a267d0da0974682c7bd166374510) Importer(815301076,1909f56bfc062723c751e8b465ee728b)
Start importing Assets/Meshes/Models/Prop_Misc_Lamp.obj using Guid(fb10a267d0da0974682c7bd166374510) Importer(815301076,1909f56bfc062723c751e8b465ee728b)  -> (artifact id: 'c7225d046d814d4a87b4fb9b715e29e4') in 0.198322 seconds
  Import took 0.201554 seconds .

========================================================================
Received Import Request.
  Time since last request: 46.472335 seconds.
  path: Assets/Meshes/Models/Prop_Misc_Lamp.obj
  artifactKey: Guid(fb10a267d0da0974682c7bd166374510) Importer(815301076,1909f56bfc062723c751e8b465ee728b)
Start importing Assets/Meshes/Models/Prop_Misc_Lamp.obj using Guid(fb10a267d0da0974682c7bd166374510) Importer(815301076,1909f56bfc062723c751e8b465ee728b)  -> (artifact id: '7c31780ba788ceb0967be09100503068') in 0.093598 seconds
  Import took 0.106649 seconds .

========================================================================
Received Import Request.
  Time since last request: 18.705838 seconds.
  path: Assets/Meshes/Models/Prop_Misc_Lamp.obj
  artifactKey: Guid(fb10a267d0da0974682c7bd166374510) Importer(815301076,1909f56bfc062723c751e8b465ee728b)
Start importing Assets/Meshes/Models/Prop_Misc_Lamp.obj using Guid(fb10a267d0da0974682c7bd166374510) Importer(815301076,1909f56bfc062723c751e8b465ee728b)  -> (artifact id: 'c6bf8e94b0a34776ca94945be3de62fe') in 0.077876 seconds
  Import took 0.080531 seconds .

========================================================================
Received Import Request.
  Time since last request: 73.806927 seconds.
  path: Assets/Meshes/Models/Prop_Misc_Ceiling_Light_3.obj
  artifactKey: Guid(28fb0e457211ebd44b1d46df902c8417) Importer(815301076,1909f56bfc062723c751e8b465ee728b)
Start importing Assets/Meshes/Models/Prop_Misc_Ceiling_Light_3.obj using Guid(28fb0e457211ebd44b1d46df902c8417) Importer(815301076,1909f56bfc062723c751e8b465ee728b)  -> (artifact id: '1d49825d8e8ba83c186509753670c0ae') in 0.088900 seconds
  Import took 0.091497 seconds .

========================================================================
Received Import Request.
  Time since last request: 542.229335 seconds.
  path: Assets/Materials/wall2.mat
  artifactKey: Guid(233e93b3b3b574d4cbb7d281bb211cae) Importer(815301076,1909f56bfc062723c751e8b465ee728b)
Start importing Assets/Materials/wall2.mat using Guid(233e93b3b3b574d4cbb7d281bb211cae) Importer(815301076,1909f56bfc062723c751e8b465ee728b)  -> (artifact id: 'e015011b74b8f20c4a7c88b98cacb05c') in 0.022671 seconds
  Import took 0.025805 seconds .

========================================================================
Received Import Request.
  Time since last request: 487.131176 seconds.
  path: Assets/Materials/wall2.mat
  artifactKey: Guid(233e93b3b3b574d4cbb7d281bb211cae) Importer(815301076,1909f56bfc062723c751e8b465ee728b)
Start importing Assets/Materials/wall2.mat using Guid(233e93b3b3b574d4cbb7d281bb211cae) Importer(815301076,1909f56bfc062723c751e8b465ee728b)  -> (artifact id: '3b39ca954569b7342d4532a3693c4e7a') in 0.035736 seconds
  Import took 0.064213 seconds .

